[0.777s] DEBUG:colcon:Command line arguments: ['/usr/bin/colcon', 'build']
[0.777s] DEBUG:colcon:Parsed command line arguments: Namespace(allow_overriding=[], ament_cmake_args=None, base_paths=['.'], build_base='build', catkin_cmake_args=None, catkin_skip_building_tests=False, cmake_args=None, cmake_clean_cache=False, cmake_clean_first=False, cmake_force_configure=False, cmake_target=None, cmake_target_skip_unavailable=False, continue_on_error=False, event_handlers=None, executor='parallel', ignore_user_meta=False, install_base='install', log_base=None, log_level=None, main=<bound method BuildVerb.main of <colcon_core.verb.build.BuildVerb object at 0xffffac9925e0>>, merge_install=False, metas=['./colcon.meta'], packages_above=None, packages_above_and_dependencies=None, packages_above_depth=None, packages_end=None, packages_ignore=None, packages_ignore_regex=None, packages_select=None, packages_select_build_failed=False, packages_select_by_dep=None, packages_select_regex=None, packages_select_test_failures=False, packages_skip=None, packages_skip_build_finished=False, packages_skip_by_dep=None, packages_skip_regex=None, packages_skip_test_passed=False, packages_skip_up_to=None, packages_start=None, packages_up_to=None, packages_up_to_regex=None, parallel_workers=4, paths=None, symlink_install=False, test_result_base=None, verb_extension=<colcon_core.verb.build.BuildVerb object at 0xffffac9925e0>, verb_name='build', verb_parser=<colcon_defaults.argument_parser.defaults.DefaultArgumentsDecorator object at 0xffffac8871f0>)
[1.419s] Level 1:colcon.colcon_core.package_discovery:discover_packages(colcon_meta) check parameters
[1.420s] Level 1:colcon.colcon_core.package_discovery:discover_packages(recursive) check parameters
[1.420s] Level 1:colcon.colcon_core.package_discovery:discover_packages(ignore) check parameters
[1.420s] Level 1:colcon.colcon_core.package_discovery:discover_packages(path) check parameters
[1.420s] Level 1:colcon.colcon_core.package_discovery:discover_packages(colcon_meta) discover
[1.420s] Level 1:colcon.colcon_core.package_discovery:discover_packages(recursive) discover
[1.420s] INFO:colcon.colcon_core.package_discovery:Crawling recursively for packages in '/home/ubuntu/SWU_Project'
[1.421s] Level 1:colcon.colcon_core.package_identification:_identify(.) by extensions ['ignore', 'ignore_ament_install']
[1.421s] Level 1:colcon.colcon_core.package_identification:_identify(.) by extension 'ignore'
[1.421s] Level 1:colcon.colcon_core.package_identification:_identify(.) by extension 'ignore_ament_install'
[1.421s] Level 1:colcon.colcon_core.package_identification:_identify(.) by extensions ['colcon_pkg']
[1.422s] Level 1:colcon.colcon_core.package_identification:_identify(.) by extension 'colcon_pkg'
[1.422s] Level 1:colcon.colcon_core.package_identification:_identify(.) by extensions ['colcon_meta']
[1.422s] Level 1:colcon.colcon_core.package_identification:_identify(.) by extension 'colcon_meta'
[1.422s] Level 1:colcon.colcon_core.package_identification:_identify(.) by extensions ['ros']
[1.422s] Level 1:colcon.colcon_core.package_identification:_identify(.) by extension 'ros'
[1.475s] DEBUG:colcon.colcon_core.package_identification:Package '.' with type 'ros.ament_python' and name 'SWU_Project'
[1.476s] Level 1:colcon.colcon_core.package_discovery:discover_packages(recursive) using defaults
[1.476s] Level 1:colcon.colcon_core.package_discovery:discover_packages(ignore) discover
[1.476s] Level 1:colcon.colcon_core.package_discovery:discover_packages(ignore) using defaults
[1.478s] Level 1:colcon.colcon_core.package_discovery:discover_packages(path) discover
[1.479s] Level 1:colcon.colcon_core.package_discovery:discover_packages(path) using defaults
[1.556s] Level 1:colcon.colcon_core.package_discovery:discover_packages(prefix_path) check parameters
[1.556s] Level 1:colcon.colcon_core.package_discovery:discover_packages(prefix_path) discover
[1.560s] WARNING:colcon.colcon_ros.prefix_path.ament:The path '/home/ubuntu/SWU_Project/install/SWU_Project' in the environment variable AMENT_PREFIX_PATH doesn't exist
[1.572s] DEBUG:colcon.colcon_installed_package_information.package_discovery:Found 0 installed packages in /home/ubuntu/SWU_Project/install
[1.584s] DEBUG:colcon.colcon_installed_package_information.package_discovery:Found 282 installed packages in /opt/ros/foxy
[1.592s] Level 1:colcon.colcon_core.package_discovery:discover_packages(prefix_path) using defaults
[1.977s] Level 5:colcon.colcon_core.verb:set package 'SWU_Project' build argument 'cmake_args' from command line to 'None'
[1.977s] Level 5:colcon.colcon_core.verb:set package 'SWU_Project' build argument 'cmake_target' from command line to 'None'
[1.977s] Level 5:colcon.colcon_core.verb:set package 'SWU_Project' build argument 'cmake_target_skip_unavailable' from command line to 'False'
[1.977s] Level 5:colcon.colcon_core.verb:set package 'SWU_Project' build argument 'cmake_clean_cache' from command line to 'False'
[1.977s] Level 5:colcon.colcon_core.verb:set package 'SWU_Project' build argument 'cmake_clean_first' from command line to 'False'
[1.977s] Level 5:colcon.colcon_core.verb:set package 'SWU_Project' build argument 'cmake_force_configure' from command line to 'False'
[1.978s] Level 5:colcon.colcon_core.verb:set package 'SWU_Project' build argument 'ament_cmake_args' from command line to 'None'
[1.978s] Level 5:colcon.colcon_core.verb:set package 'SWU_Project' build argument 'catkin_cmake_args' from command line to 'None'
[1.978s] Level 5:colcon.colcon_core.verb:set package 'SWU_Project' build argument 'catkin_skip_building_tests' from command line to 'False'
[1.978s] DEBUG:colcon.colcon_core.verb:Building package 'SWU_Project' with the following arguments: {'ament_cmake_args': None, 'build_base': '/home/ubuntu/SWU_Project/build/SWU_Project', 'catkin_cmake_args': None, 'catkin_skip_building_tests': False, 'cmake_args': None, 'cmake_clean_cache': False, 'cmake_clean_first': False, 'cmake_force_configure': False, 'cmake_target': None, 'cmake_target_skip_unavailable': False, 'install_base': '/home/ubuntu/SWU_Project/install/SWU_Project', 'merge_install': False, 'path': '/home/ubuntu/SWU_Project', 'symlink_install': False, 'test_result_base': None}
[1.978s] INFO:colcon.colcon_core.executor:Executing jobs using 'parallel' executor
[1.982s] DEBUG:colcon.colcon_parallel_executor.executor.parallel:run_until_complete
[1.983s] INFO:colcon.colcon_ros.task.ament_python.build:Building ROS package in '/home/ubuntu/SWU_Project' with build type 'ament_python'
[1.984s] Level 1:colcon.colcon_core.shell:create_environment_hook('SWU_Project', 'ament_prefix_path')
[2.003s] INFO:colcon.colcon_core.plugin_system:Skipping extension 'colcon_core.shell.bat': Not used on non-Windows systems
[2.004s] INFO:colcon.colcon_core.shell:Creating environment hook '/home/ubuntu/SWU_Project/install/SWU_Project/share/SWU_Project/hook/ament_prefix_path.ps1'
[2.007s] INFO:colcon.colcon_core.shell:Creating environment descriptor '/home/ubuntu/SWU_Project/install/SWU_Project/share/SWU_Project/hook/ament_prefix_path.dsv'
[2.009s] INFO:colcon.colcon_core.shell:Creating environment hook '/home/ubuntu/SWU_Project/install/SWU_Project/share/SWU_Project/hook/ament_prefix_path.sh'
[2.013s] INFO:colcon.colcon_core.shell:Skip shell extension 'powershell' for command environment: Not usable outside of PowerShell
[2.013s] DEBUG:colcon.colcon_core.shell:Skip shell extension 'dsv' for command environment
[3.045s] INFO:colcon.colcon_core.task.python.build:Building Python package in '/home/ubuntu/SWU_Project'
[3.047s] INFO:colcon.colcon_core.shell:Skip shell extension 'powershell' for command environment: Not usable outside of PowerShell
[3.047s] DEBUG:colcon.colcon_core.shell:Skip shell extension 'dsv' for command environment
[4.684s] DEBUG:colcon.colcon_core.event_handler.log_command:Invoking command in '/home/ubuntu/SWU_Project': PS1=(p3.8-env) \[\e]0;\u@\h: \w\a\]${debian_chroot:+($debian_chroot)}\u@\h:\w\$ PYTHONPATH=/home/ubuntu/SWU_Project/build/SWU_Project/prefix_override:/home/ubuntu/SWU_Project/install/SWU_Project/lib/python3.8/site-packages:${PYTHONPATH} /usr/bin/python3 -W ignore:setup.py install is deprecated setup.py egg_info --egg-base build/SWU_Project build --build-base /home/ubuntu/SWU_Project/build/SWU_Project/build install --record /home/ubuntu/SWU_Project/build/SWU_Project/install.log --install-scripts $base/lib/SWU_Project --single-version-externally-managed install_data
[5.989s] DEBUG:colcon.colcon_core.event_handler.log_command:Invoked command in '/home/ubuntu/SWU_Project' returned '0': PS1=(p3.8-env) \[\e]0;\u@\h: \w\a\]${debian_chroot:+($debian_chroot)}\u@\h:\w\$ PYTHONPATH=/home/ubuntu/SWU_Project/build/SWU_Project/prefix_override:/home/ubuntu/SWU_Project/install/SWU_Project/lib/python3.8/site-packages:${PYTHONPATH} /usr/bin/python3 -W ignore:setup.py install is deprecated setup.py egg_info --egg-base build/SWU_Project build --build-base /home/ubuntu/SWU_Project/build/SWU_Project/build install --record /home/ubuntu/SWU_Project/build/SWU_Project/install.log --install-scripts $base/lib/SWU_Project --single-version-externally-managed install_data
[5.998s] Level 1:colcon.colcon_core.environment:checking '/home/ubuntu/SWU_Project/install/SWU_Project' for CMake module files
[6.000s] Level 1:colcon.colcon_core.environment:checking '/home/ubuntu/SWU_Project/install/SWU_Project' for CMake config files
[6.004s] Level 1:colcon.colcon_core.environment:checking '/home/ubuntu/SWU_Project/install/SWU_Project/lib'
[6.005s] Level 1:colcon.colcon_core.environment:checking '/home/ubuntu/SWU_Project/install/SWU_Project/bin'
[6.005s] Level 1:colcon.colcon_core.environment:checking '/home/ubuntu/SWU_Project/install/SWU_Project/lib/pkgconfig/SWU_Project.pc'
[6.006s] Level 1:colcon.colcon_core.environment:checking '/home/ubuntu/SWU_Project/install/SWU_Project/lib/python3.8/site-packages'
[6.006s] Level 1:colcon.colcon_core.shell:create_environment_hook('SWU_Project', 'pythonpath')
[6.007s] INFO:colcon.colcon_core.shell:Creating environment hook '/home/ubuntu/SWU_Project/install/SWU_Project/share/SWU_Project/hook/pythonpath.ps1'
[6.010s] INFO:colcon.colcon_core.shell:Creating environment descriptor '/home/ubuntu/SWU_Project/install/SWU_Project/share/SWU_Project/hook/pythonpath.dsv'
[6.016s] INFO:colcon.colcon_core.shell:Creating environment hook '/home/ubuntu/SWU_Project/install/SWU_Project/share/SWU_Project/hook/pythonpath.sh'
[6.019s] Level 1:colcon.colcon_core.environment:checking '/home/ubuntu/SWU_Project/install/SWU_Project/bin'
[6.020s] Level 1:colcon.colcon_core.environment:create_environment_scripts_only(SWU_Project)
[6.021s] INFO:colcon.colcon_core.shell:Creating package script '/home/ubuntu/SWU_Project/install/SWU_Project/share/SWU_Project/package.ps1'
[6.024s] INFO:colcon.colcon_core.shell:Creating package descriptor '/home/ubuntu/SWU_Project/install/SWU_Project/share/SWU_Project/package.dsv'
[6.026s] INFO:colcon.colcon_core.shell:Creating package script '/home/ubuntu/SWU_Project/install/SWU_Project/share/SWU_Project/package.sh'
[6.029s] INFO:colcon.colcon_core.shell:Creating package script '/home/ubuntu/SWU_Project/install/SWU_Project/share/SWU_Project/package.bash'
[6.032s] INFO:colcon.colcon_core.shell:Creating package script '/home/ubuntu/SWU_Project/install/SWU_Project/share/SWU_Project/package.zsh'
[6.034s] Level 1:colcon.colcon_core.environment:create_file_with_runtime_dependencies(/home/ubuntu/SWU_Project/install/SWU_Project/share/colcon-core/packages/SWU_Project)
[6.036s] DEBUG:colcon.colcon_parallel_executor.executor.parallel:closing loop
[6.037s] DEBUG:colcon.colcon_parallel_executor.executor.parallel:loop closed
[6.037s] DEBUG:colcon.colcon_parallel_executor.executor.parallel:run_until_complete finished with '0'
[6.038s] DEBUG:colcon.colcon_core.event_reactor:joining thread
[6.081s] INFO:colcon.colcon_core.plugin_system:Skipping extension 'colcon_notification.desktop_notification.notify_send': Could not find 'notify-send'
[6.081s] INFO:colcon.colcon_core.plugin_system:Skipping extension 'colcon_notification.desktop_notification.terminal_notifier': Not used on non-Darwin systems
[6.082s] INFO:colcon.colcon_core.plugin_system:Skipping extension 'colcon_notification.desktop_notification.win32': Not used on non-Windows systems
[6.084s] INFO:colcon.colcon_notification.desktop_notification:Sending desktop notification using 'notify2'
[6.168s] DEBUG:colcon.colcon_core.event_reactor:joined thread
[6.169s] INFO:colcon.colcon_core.shell:Creating prefix script '/home/ubuntu/SWU_Project/install/local_setup.ps1'
[6.173s] INFO:colcon.colcon_core.shell:Creating prefix util module '/home/ubuntu/SWU_Project/install/_local_setup_util_ps1.py'
[6.183s] INFO:colcon.colcon_core.shell:Creating prefix chain script '/home/ubuntu/SWU_Project/install/setup.ps1'
[6.188s] INFO:colcon.colcon_core.shell:Creating prefix script '/home/ubuntu/SWU_Project/install/local_setup.sh'
[6.192s] INFO:colcon.colcon_core.shell:Creating prefix util module '/home/ubuntu/SWU_Project/install/_local_setup_util_sh.py'
[6.194s] INFO:colcon.colcon_core.shell:Creating prefix chain script '/home/ubuntu/SWU_Project/install/setup.sh'
[6.199s] INFO:colcon.colcon_core.shell:Creating prefix script '/home/ubuntu/SWU_Project/install/local_setup.bash'
[6.201s] INFO:colcon.colcon_core.shell:Creating prefix chain script '/home/ubuntu/SWU_Project/install/setup.bash'
[6.206s] INFO:colcon.colcon_core.shell:Creating prefix script '/home/ubuntu/SWU_Project/install/local_setup.zsh'
[6.209s] INFO:colcon.colcon_core.shell:Creating prefix chain script '/home/ubuntu/SWU_Project/install/setup.zsh'
