[2.699s] Invoking command in '/home/ubuntu/SWU_Project': PS1=(p3.8-env) \[\e]0;\u@\h: \w\a\]${debian_chroot:+($debian_chroot)}\u@\h:\w\$ PYTHONPATH=/home/ubuntu/SWU_Project/build/SWU_Project/prefix_override:/home/ubuntu/SWU_Project/install/SWU_Project/lib/python3.8/site-packages:${PYTHONPATH} /usr/bin/python3 -W ignore:setup.py install is deprecated setup.py egg_info --egg-base build/SWU_Project build --build-base /home/ubuntu/SWU_Project/build/SWU_Project/build install --record /home/ubuntu/SWU_Project/build/SWU_Project/install.log --install-scripts $base/lib/SWU_Project --single-version-externally-managed install_data
[3.600s] running egg_info
[3.603s] creating build/SWU_Project/SWU_Project.egg-info
[3.604s] writing build/SWU_Project/SWU_Project.egg-info/PKG-INFO
[3.605s] writing dependency_links to build/SWU_Project/SWU_Project.egg-info/dependency_links.txt
[3.605s] writing entry points to build/SWU_Project/SWU_Project.egg-info/entry_points.txt
[3.606s] writing requirements to build/SWU_Project/SWU_Project.egg-info/requires.txt
[3.606s] writing top-level names to build/SWU_Project/SWU_Project.egg-info/top_level.txt
[3.611s] writing manifest file 'build/SWU_Project/SWU_Project.egg-info/SOURCES.txt'
[3.745s] reading manifest file 'build/SWU_Project/SWU_Project.egg-info/SOURCES.txt'
[3.748s] writing manifest file 'build/SWU_Project/SWU_Project.egg-info/SOURCES.txt'
[3.749s] running build
[3.749s] running build_py
[3.750s] creating /home/ubuntu/SWU_Project/build/SWU_Project/build
[3.751s] creating /home/ubuntu/SWU_Project/build/SWU_Project/build/lib
[3.751s] creating /home/ubuntu/SWU_Project/build/SWU_Project/build/lib/SWU_Project
[3.752s] copying SWU_Project/__init__.py -> /home/ubuntu/SWU_Project/build/SWU_Project/build/lib/SWU_Project
[3.752s] creating /home/ubuntu/SWU_Project/build/SWU_Project/build/lib/SWU_Project/face_detection
[3.752s] copying SWU_Project/face_detection/face_detection_node.py -> /home/ubuntu/SWU_Project/build/SWU_Project/build/lib/SWU_Project/face_detection
[3.753s] copying SWU_Project/face_detection/__init__.py -> /home/ubuntu/SWU_Project/build/SWU_Project/build/lib/SWU_Project/face_detection
[3.753s] creating /home/ubuntu/SWU_Project/build/SWU_Project/build/lib/SWU_Project/robot_arm
[3.754s] copying SWU_Project/robot_arm/robot_arm_node.py -> /home/ubuntu/SWU_Project/build/SWU_Project/build/lib/SWU_Project/robot_arm
[3.754s] copying SWU_Project/robot_arm/__init__.py -> /home/ubuntu/SWU_Project/build/SWU_Project/build/lib/SWU_Project/robot_arm
[3.756s] running install
[3.759s] running install_lib
[3.762s] creating /home/ubuntu/SWU_Project/install/SWU_Project/lib/python3.8/site-packages/SWU_Project
[3.763s] creating /home/ubuntu/SWU_Project/install/SWU_Project/lib/python3.8/site-packages/SWU_Project/robot_arm
[3.763s] copying /home/ubuntu/SWU_Project/build/SWU_Project/build/lib/SWU_Project/robot_arm/robot_arm_node.py -> /home/ubuntu/SWU_Project/install/SWU_Project/lib/python3.8/site-packages/SWU_Project/robot_arm
[3.764s] copying /home/ubuntu/SWU_Project/build/SWU_Project/build/lib/SWU_Project/robot_arm/__init__.py -> /home/ubuntu/SWU_Project/install/SWU_Project/lib/python3.8/site-packages/SWU_Project/robot_arm
[3.764s] copying /home/ubuntu/SWU_Project/build/SWU_Project/build/lib/SWU_Project/__init__.py -> /home/ubuntu/SWU_Project/install/SWU_Project/lib/python3.8/site-packages/SWU_Project
[3.765s] creating /home/ubuntu/SWU_Project/install/SWU_Project/lib/python3.8/site-packages/SWU_Project/face_detection
[3.766s] copying /home/ubuntu/SWU_Project/build/SWU_Project/build/lib/SWU_Project/face_detection/face_detection_node.py -> /home/ubuntu/SWU_Project/install/SWU_Project/lib/python3.8/site-packages/SWU_Project/face_detection
[3.766s] copying /home/ubuntu/SWU_Project/build/SWU_Project/build/lib/SWU_Project/face_detection/__init__.py -> /home/ubuntu/SWU_Project/install/SWU_Project/lib/python3.8/site-packages/SWU_Project/face_detection
[3.769s] byte-compiling /home/ubuntu/SWU_Project/install/SWU_Project/lib/python3.8/site-packages/SWU_Project/robot_arm/robot_arm_node.py to robot_arm_node.cpython-38.pyc
[3.775s] byte-compiling /home/ubuntu/SWU_Project/install/SWU_Project/lib/python3.8/site-packages/SWU_Project/robot_arm/__init__.py to __init__.cpython-38.pyc
[3.776s] byte-compiling /home/ubuntu/SWU_Project/install/SWU_Project/lib/python3.8/site-packages/SWU_Project/__init__.py to __init__.cpython-38.pyc
[3.777s] byte-compiling /home/ubuntu/SWU_Project/install/SWU_Project/lib/python3.8/site-packages/SWU_Project/face_detection/face_detection_node.py to face_detection_node.cpython-38.pyc
[3.780s] byte-compiling /home/ubuntu/SWU_Project/install/SWU_Project/lib/python3.8/site-packages/SWU_Project/face_detection/__init__.py to __init__.cpython-38.pyc
[3.781s] running install_data
[3.782s] creating /home/ubuntu/SWU_Project/install/SWU_Project/share/ament_index
[3.782s] creating /home/ubuntu/SWU_Project/install/SWU_Project/share/ament_index/resource_index
[3.783s] creating /home/ubuntu/SWU_Project/install/SWU_Project/share/ament_index/resource_index/packages
[3.783s] copying resource/SWU_Project -> /home/ubuntu/SWU_Project/install/SWU_Project/share/ament_index/resource_index/packages
[3.784s] copying package.xml -> /home/ubuntu/SWU_Project/install/SWU_Project/share/SWU_Project
[3.784s] creating /home/ubuntu/SWU_Project/install/SWU_Project/share/SWU_Project/launch
[3.785s] copying SWU_Project/face_detection/launch/face_detection.launch.py -> /home/ubuntu/SWU_Project/install/SWU_Project/share/SWU_Project/launch
[3.785s] copying SWU_Project/robot_arm/launch/arduino_serial.launch.py -> /home/ubuntu/SWU_Project/install/SWU_Project/share/SWU_Project/launch
[3.786s] copying SWU_Project/robot_arm/launch/robot_arm_control.launch.py -> /home/ubuntu/SWU_Project/install/SWU_Project/share/SWU_Project/launch
[3.786s] creating /home/ubuntu/SWU_Project/install/SWU_Project/share/SWU_Project/config
[3.786s] copying SWU_Project/face_detection/config/face_tracker.yaml -> /home/ubuntu/SWU_Project/install/SWU_Project/share/SWU_Project/config
[3.787s] copying SWU_Project/robot_arm/config/kinematics.yaml -> /home/ubuntu/SWU_Project/install/SWU_Project/share/SWU_Project/config
[3.787s] copying SWU_Project/robot_arm/config/joint_limits.yaml -> /home/ubuntu/SWU_Project/install/SWU_Project/share/SWU_Project/config
[3.788s] creating /home/ubuntu/SWU_Project/install/SWU_Project/share/SWU_Project/models
[3.788s] copying SWU_Project/face_detection/models/ssd_mobilenet_v2_face_quant_postprocess_edgetpu.tflite -> /home/ubuntu/SWU_Project/install/SWU_Project/share/SWU_Project/models
[3.819s] creating /home/ubuntu/SWU_Project/install/SWU_Project/share/SWU_Project/urdf
[3.819s] copying SWU_Project/robot_arm/urdf/braccio_arm.urdf -> /home/ubuntu/SWU_Project/install/SWU_Project/share/SWU_Project/urdf
[3.820s] running install_egg_info
[3.826s] Copying build/SWU_Project/SWU_Project.egg-info to /home/ubuntu/SWU_Project/install/SWU_Project/lib/python3.8/site-packages/SWU_Project-0.0.1-py3.8.egg-info
[3.837s] running install_scripts
[3.898s] Installing face_detection_node script to /home/ubuntu/SWU_Project/install/SWU_Project/lib/SWU_Project
[3.899s] Installing robot_arm_node script to /home/ubuntu/SWU_Project/install/SWU_Project/lib/SWU_Project
[3.901s] writing list of installed files to '/home/ubuntu/SWU_Project/build/SWU_Project/install.log'
[4.005s] Invoked command in '/home/ubuntu/SWU_Project' returned '0': PS1=(p3.8-env) \[\e]0;\u@\h: \w\a\]${debian_chroot:+($debian_chroot)}\u@\h:\w\$ PYTHONPATH=/home/ubuntu/SWU_Project/build/SWU_Project/prefix_override:/home/ubuntu/SWU_Project/install/SWU_Project/lib/python3.8/site-packages:${PYTHONPATH} /usr/bin/python3 -W ignore:setup.py install is deprecated setup.py egg_info --egg-base build/SWU_Project build --build-base /home/ubuntu/SWU_Project/build/SWU_Project/build install --record /home/ubuntu/SWU_Project/build/SWU_Project/install.log --install-scripts $base/lib/SWU_Project --single-version-externally-managed install_data
